Traceback (most recent call last):
  File "/mnt/research/j.farias/mkang2/Convolutional-Nearest-Neighbor-Denoising/allconvnet_main.py", line 8, in <module>
    from dataset import Denoise_CIFAR10, Denoise_BSD68, Denoise_CBSD68
  File "/mnt/research/j.farias/mkang2/Convolutional-Nearest-Neighbor-Denoising/dataset.py", line 8, in <module>
    from mnist1d.data import make_dataset
ModuleNotFoundError: No module named 'mnist1d'
Traceback (most recent call last):
  File "/mnt/research/j.farias/mkang2/Convolutional-Nearest-Neighbor-Denoising/allconvnet_main.py", line 8, in <module>
    from dataset import Denoise_CIFAR10, Denoise_BSD68, Denoise_CBSD68
  File "/mnt/research/j.farias/mkang2/Convolutional-Nearest-Neighbor-Denoising/dataset.py", line 8, in <module>
    from mnist1d.data import make_dataset
ModuleNotFoundError: No module named 'mnist1d'
Traceback (most recent call last):
  File "/mnt/research/j.farias/mkang2/Convolutional-Nearest-Neighbor-Denoising/allconvnet_main.py", line 8, in <module>
    from dataset import Denoise_CIFAR10, Denoise_BSD68, Denoise_CBSD68
  File "/mnt/research/j.farias/mkang2/Convolutional-Nearest-Neighbor-Denoising/dataset.py", line 8, in <module>
    from mnist1d.data import make_dataset
ModuleNotFoundError: No module named 'mnist1d'
Traceback (most recent call last):
  File "/mnt/research/j.farias/mkang2/Convolutional-Nearest-Neighbor-Denoising/allconvnet_main.py", line 8, in <module>
    from dataset import Denoise_CIFAR10, Denoise_BSD68, Denoise_CBSD68
  File "/mnt/research/j.farias/mkang2/Convolutional-Nearest-Neighbor-Denoising/dataset.py", line 8, in <module>
    from mnist1d.data import make_dataset
ModuleNotFoundError: No module named 'mnist1d'
Traceback (most recent call last):
  File "/mnt/research/j.farias/mkang2/Convolutional-Nearest-Neighbor-Denoising/allconvnet_main.py", line 8, in <module>
    from dataset import Denoise_CIFAR10, Denoise_BSD68, Denoise_CBSD68
  File "/mnt/research/j.farias/mkang2/Convolutional-Nearest-Neighbor-Denoising/dataset.py", line 8, in <module>
    from mnist1d.data import make_dataset
ModuleNotFoundError: No module named 'mnist1d'
Traceback (most recent call last):
  File "/mnt/research/j.farias/mkang2/Convolutional-Nearest-Neighbor-Denoising/allconvnet_main.py", line 8, in <module>
    from dataset import Denoise_CIFAR10, Denoise_BSD68, Denoise_CBSD68
  File "/mnt/research/j.farias/mkang2/Convolutional-Nearest-Neighbor-Denoising/dataset.py", line 8, in <module>
    from mnist1d.data import make_dataset
ModuleNotFoundError: No module named 'mnist1d'
Traceback (most recent call last):
  File "/mnt/research/j.farias/mkang2/Convolutional-Nearest-Neighbor-Denoising/allconvnet_main.py", line 8, in <module>
    from dataset import Denoise_CIFAR10, Denoise_BSD68, Denoise_CBSD68
  File "/mnt/research/j.farias/mkang2/Convolutional-Nearest-Neighbor-Denoising/dataset.py", line 8, in <module>
    from mnist1d.data import make_dataset
ModuleNotFoundError: No module named 'mnist1d'
Traceback (most recent call last):
  File "/mnt/research/j.farias/mkang2/Convolutional-Nearest-Neighbor-Denoising/allconvnet_main.py", line 8, in <module>
    from dataset import Denoise_CIFAR10, Denoise_BSD68, Denoise_CBSD68
  File "/mnt/research/j.farias/mkang2/Convolutional-Nearest-Neighbor-Denoising/dataset.py", line 8, in <module>
    from mnist1d.data import make_dataset
ModuleNotFoundError: No module named 'mnist1d'
Traceback (most recent call last):
  File "/mnt/research/j.farias/mkang2/Convolutional-Nearest-Neighbor-Denoising/unet_main.py", line 8, in <module>
    from dataset import Denoise_CIFAR10, Denoise_BSD68, Denoise_CBSD68
  File "/mnt/research/j.farias/mkang2/Convolutional-Nearest-Neighbor-Denoising/dataset.py", line 8, in <module>
    from mnist1d.data import make_dataset
ModuleNotFoundError: No module named 'mnist1d'
Traceback (most recent call last):
  File "/mnt/research/j.farias/mkang2/Convolutional-Nearest-Neighbor-Denoising/unet_main.py", line 8, in <module>
    from dataset import Denoise_CIFAR10, Denoise_BSD68, Denoise_CBSD68
  File "/mnt/research/j.farias/mkang2/Convolutional-Nearest-Neighbor-Denoising/dataset.py", line 8, in <module>
    from mnist1d.data import make_dataset
ModuleNotFoundError: No module named 'mnist1d'
Traceback (most recent call last):
  File "/mnt/research/j.farias/mkang2/Convolutional-Nearest-Neighbor-Denoising/unet_main.py", line 8, in <module>
    from dataset import Denoise_CIFAR10, Denoise_BSD68, Denoise_CBSD68
  File "/mnt/research/j.farias/mkang2/Convolutional-Nearest-Neighbor-Denoising/dataset.py", line 8, in <module>
    from mnist1d.data import make_dataset
ModuleNotFoundError: No module named 'mnist1d'
Traceback (most recent call last):
  File "/mnt/research/j.farias/mkang2/Convolutional-Nearest-Neighbor-Denoising/unet_main.py", line 8, in <module>
    from dataset import Denoise_CIFAR10, Denoise_BSD68, Denoise_CBSD68
  File "/mnt/research/j.farias/mkang2/Convolutional-Nearest-Neighbor-Denoising/dataset.py", line 8, in <module>
    from mnist1d.data import make_dataset
ModuleNotFoundError: No module named 'mnist1d'
Traceback (most recent call last):
  File "/mnt/research/j.farias/mkang2/Convolutional-Nearest-Neighbor-Denoising/unet_main.py", line 8, in <module>
    from dataset import Denoise_CIFAR10, Denoise_BSD68, Denoise_CBSD68
  File "/mnt/research/j.farias/mkang2/Convolutional-Nearest-Neighbor-Denoising/dataset.py", line 8, in <module>
    from mnist1d.data import make_dataset
ModuleNotFoundError: No module named 'mnist1d'
Traceback (most recent call last):
  File "/mnt/research/j.farias/mkang2/Convolutional-Nearest-Neighbor-Denoising/unet_main.py", line 8, in <module>
    from dataset import Denoise_CIFAR10, Denoise_BSD68, Denoise_CBSD68
  File "/mnt/research/j.farias/mkang2/Convolutional-Nearest-Neighbor-Denoising/dataset.py", line 8, in <module>
    from mnist1d.data import make_dataset
ModuleNotFoundError: No module named 'mnist1d'
Traceback (most recent call last):
  File "/mnt/research/j.farias/mkang2/Convolutional-Nearest-Neighbor-Denoising/unet_main.py", line 8, in <module>
    from dataset import Denoise_CIFAR10, Denoise_BSD68, Denoise_CBSD68
  File "/mnt/research/j.farias/mkang2/Convolutional-Nearest-Neighbor-Denoising/dataset.py", line 8, in <module>
    from mnist1d.data import make_dataset
ModuleNotFoundError: No module named 'mnist1d'
Traceback (most recent call last):
  File "/mnt/research/j.farias/mkang2/Convolutional-Nearest-Neighbor-Denoising/unet_main.py", line 8, in <module>
    from dataset import Denoise_CIFAR10, Denoise_BSD68, Denoise_CBSD68
  File "/mnt/research/j.farias/mkang2/Convolutional-Nearest-Neighbor-Denoising/dataset.py", line 8, in <module>
    from mnist1d.data import make_dataset
ModuleNotFoundError: No module named 'mnist1d'
