/mnt/research/j.farias/mkang2/miniconda3/envs/mingi/lib/python3.11/site-packages/torch/utils/data/dataloader.py:617: UserWarning: This DataLoader will create 4 worker processes in total. Our suggested max number of worker in current system is 2, which is smaller than what this DataLoader is going to create. Please be aware that excessive worker creation might get DataLoader running slow or even freeze, lower the worker number to avoid potential slowness/freeze if necessary.
  warnings.warn(
/mnt/research/j.farias/mkang2/miniconda3/envs/mingi/lib/python3.11/site-packages/torch/nn/modules/instancenorm.py:115: UserWarning: input's size at dim=1 does not match num_features. You can silence this warning by not passing in num_features, which is not used because affine=False
  warnings.warn(
/mnt/research/j.farias/mkang2/miniconda3/envs/mingi/lib/python3.11/site-packages/torch/utils/data/dataloader.py:617: UserWarning: This DataLoader will create 4 worker processes in total. Our suggested max number of worker in current system is 2, which is smaller than what this DataLoader is going to create. Please be aware that excessive worker creation might get DataLoader running slow or even freeze, lower the worker number to avoid potential slowness/freeze if necessary.
  warnings.warn(
/mnt/research/j.farias/mkang2/miniconda3/envs/mingi/lib/python3.11/site-packages/torch/nn/modules/instancenorm.py:115: UserWarning: input's size at dim=1 does not match num_features. You can silence this warning by not passing in num_features, which is not used because affine=False
  warnings.warn(
Traceback (most recent call last):
  File "/mnt/research/j.farias/mkang2/Convolutional-Nearest-Neighbor-Denoising/allconvnet_main.py", line 125, in <module>
    main(args)
  File "/mnt/research/j.farias/mkang2/Convolutional-Nearest-Neighbor-Denoising/allconvnet_main.py", line 111, in main
    train_eval_results = Train_Eval(args, 
                         ^^^^^^^^^^^^^^^^
  File "/mnt/research/j.farias/mkang2/Convolutional-Nearest-Neighbor-Denoising/train_eval.py", line 84, in Train_Eval
    output_img = model(noisy_img)
                 ^^^^^^^^^^^^^^^^
  File "/mnt/research/j.farias/mkang2/miniconda3/envs/mingi/lib/python3.11/site-packages/torch/nn/modules/module.py", line 1736, in _wrapped_call_impl
    return self._call_impl(*args, **kwargs)
           ^^^^^^^^^^^^^^^^^^^^^^^^^^^^^^^^
  File "/mnt/research/j.farias/mkang2/miniconda3/envs/mingi/lib/python3.11/site-packages/torch/nn/modules/module.py", line 1747, in _call_impl
    return forward_call(*args, **kwargs)
           ^^^^^^^^^^^^^^^^^^^^^^^^^^^^^
  File "/mnt/research/j.farias/mkang2/Convolutional-Nearest-Neighbor-Denoising/models/allconvnet.py", line 184, in forward
    x = self.features(x)
        ^^^^^^^^^^^^^^^^
  File "/mnt/research/j.farias/mkang2/miniconda3/envs/mingi/lib/python3.11/site-packages/torch/nn/modules/module.py", line 1736, in _wrapped_call_impl
    return self._call_impl(*args, **kwargs)
           ^^^^^^^^^^^^^^^^^^^^^^^^^^^^^^^^
  File "/mnt/research/j.farias/mkang2/miniconda3/envs/mingi/lib/python3.11/site-packages/torch/nn/modules/module.py", line 1747, in _call_impl
    return forward_call(*args, **kwargs)
           ^^^^^^^^^^^^^^^^^^^^^^^^^^^^^
  File "/mnt/research/j.farias/mkang2/miniconda3/envs/mingi/lib/python3.11/site-packages/torch/nn/modules/container.py", line 250, in forward
    input = module(input)
            ^^^^^^^^^^^^^
  File "/mnt/research/j.farias/mkang2/miniconda3/envs/mingi/lib/python3.11/site-packages/torch/nn/modules/module.py", line 1736, in _wrapped_call_impl
    return self._call_impl(*args, **kwargs)
           ^^^^^^^^^^^^^^^^^^^^^^^^^^^^^^^^
  File "/mnt/research/j.farias/mkang2/miniconda3/envs/mingi/lib/python3.11/site-packages/torch/nn/modules/module.py", line 1747, in _call_impl
    return forward_call(*args, **kwargs)
           ^^^^^^^^^^^^^^^^^^^^^^^^^^^^^
  File "/mnt/research/j.farias/mkang2/Convolutional-Nearest-Neighbor-Denoising/models/layers2d.py", line 304, in forward
    matrix_magnitude = self._calculate_distance_matrix(x, sqrt=True) if self.magnitude_type == 'distance' else self._calculate_similarity_matrix(x)
                                                                                                               ^^^^^^^^^^^^^^^^^^^^^^^^^^^^^^^^^^^^
  File "/mnt/research/j.farias/mkang2/Convolutional-Nearest-Neighbor-Denoising/models/layers2d.py", line 371, in _calculate_similarity_matrix
    similarity_matrix = torch.clamp(similarity_matrix, min=-1.0, max=1.0) 
                        ^^^^^^^^^^^^^^^^^^^^^^^^^^^^^^^^^^^^^^^^^^^^^^^^^
torch.OutOfMemoryError: CUDA out of memory. Tried to allocate 64.00 GiB. GPU 0 has a total capacity of 79.25 GiB of which 14.71 GiB is free. Including non-PyTorch memory, this process has 64.53 GiB memory in use. Of the allocated memory 64.02 GiB is allocated by PyTorch, and 17.75 MiB is reserved by PyTorch but unallocated. If reserved but unallocated memory is large try setting PYTORCH_CUDA_ALLOC_CONF=expandable_segments:True to avoid fragmentation.  See documentation for Memory Management  (https://pytorch.org/docs/stable/notes/cuda.html#environment-variables)
/mnt/research/j.farias/mkang2/miniconda3/envs/mingi/lib/python3.11/site-packages/torch/utils/data/dataloader.py:617: UserWarning: This DataLoader will create 4 worker processes in total. Our suggested max number of worker in current system is 2, which is smaller than what this DataLoader is going to create. Please be aware that excessive worker creation might get DataLoader running slow or even freeze, lower the worker number to avoid potential slowness/freeze if necessary.
  warnings.warn(
/mnt/research/j.farias/mkang2/miniconda3/envs/mingi/lib/python3.11/site-packages/torch/nn/modules/instancenorm.py:115: UserWarning: input's size at dim=1 does not match num_features. You can silence this warning by not passing in num_features, which is not used because affine=False
  warnings.warn(
/mnt/research/j.farias/mkang2/miniconda3/envs/mingi/lib/python3.11/site-packages/torch/utils/data/dataloader.py:617: UserWarning: This DataLoader will create 4 worker processes in total. Our suggested max number of worker in current system is 2, which is smaller than what this DataLoader is going to create. Please be aware that excessive worker creation might get DataLoader running slow or even freeze, lower the worker number to avoid potential slowness/freeze if necessary.
  warnings.warn(
/mnt/research/j.farias/mkang2/miniconda3/envs/mingi/lib/python3.11/site-packages/torch/nn/modules/instancenorm.py:115: UserWarning: input's size at dim=1 does not match num_features. You can silence this warning by not passing in num_features, which is not used because affine=False
  warnings.warn(
/mnt/research/j.farias/mkang2/miniconda3/envs/mingi/lib/python3.11/site-packages/torch/utils/data/dataloader.py:617: UserWarning: This DataLoader will create 4 worker processes in total. Our suggested max number of worker in current system is 2, which is smaller than what this DataLoader is going to create. Please be aware that excessive worker creation might get DataLoader running slow or even freeze, lower the worker number to avoid potential slowness/freeze if necessary.
  warnings.warn(
/mnt/research/j.farias/mkang2/miniconda3/envs/mingi/lib/python3.11/site-packages/torch/nn/modules/instancenorm.py:115: UserWarning: input's size at dim=1 does not match num_features. You can silence this warning by not passing in num_features, which is not used because affine=False
  warnings.warn(
/mnt/research/j.farias/mkang2/miniconda3/envs/mingi/lib/python3.11/site-packages/torch/utils/data/dataloader.py:617: UserWarning: This DataLoader will create 4 worker processes in total. Our suggested max number of worker in current system is 2, which is smaller than what this DataLoader is going to create. Please be aware that excessive worker creation might get DataLoader running slow or even freeze, lower the worker number to avoid potential slowness/freeze if necessary.
  warnings.warn(
/mnt/research/j.farias/mkang2/miniconda3/envs/mingi/lib/python3.11/site-packages/torch/nn/modules/instancenorm.py:115: UserWarning: input's size at dim=1 does not match num_features. You can silence this warning by not passing in num_features, which is not used because affine=False
  warnings.warn(
Traceback (most recent call last):
  File "/mnt/research/j.farias/mkang2/Convolutional-Nearest-Neighbor-Denoising/allconvnet_main.py", line 125, in <module>
    main(args)
  File "/mnt/research/j.farias/mkang2/Convolutional-Nearest-Neighbor-Denoising/allconvnet_main.py", line 111, in main
    train_eval_results = Train_Eval(args, 
                         ^^^^^^^^^^^^^^^^
  File "/mnt/research/j.farias/mkang2/Convolutional-Nearest-Neighbor-Denoising/train_eval.py", line 84, in Train_Eval
    output_img = model(noisy_img)
                 ^^^^^^^^^^^^^^^^
  File "/mnt/research/j.farias/mkang2/miniconda3/envs/mingi/lib/python3.11/site-packages/torch/nn/modules/module.py", line 1736, in _wrapped_call_impl
    return self._call_impl(*args, **kwargs)
           ^^^^^^^^^^^^^^^^^^^^^^^^^^^^^^^^
  File "/mnt/research/j.farias/mkang2/miniconda3/envs/mingi/lib/python3.11/site-packages/torch/nn/modules/module.py", line 1747, in _call_impl
    return forward_call(*args, **kwargs)
           ^^^^^^^^^^^^^^^^^^^^^^^^^^^^^
  File "/mnt/research/j.farias/mkang2/Convolutional-Nearest-Neighbor-Denoising/models/allconvnet.py", line 184, in forward
    x = self.features(x)
        ^^^^^^^^^^^^^^^^
  File "/mnt/research/j.farias/mkang2/miniconda3/envs/mingi/lib/python3.11/site-packages/torch/nn/modules/module.py", line 1736, in _wrapped_call_impl
    return self._call_impl(*args, **kwargs)
           ^^^^^^^^^^^^^^^^^^^^^^^^^^^^^^^^
  File "/mnt/research/j.farias/mkang2/miniconda3/envs/mingi/lib/python3.11/site-packages/torch/nn/modules/module.py", line 1747, in _call_impl
    return forward_call(*args, **kwargs)
           ^^^^^^^^^^^^^^^^^^^^^^^^^^^^^
  File "/mnt/research/j.farias/mkang2/miniconda3/envs/mingi/lib/python3.11/site-packages/torch/nn/modules/container.py", line 250, in forward
    input = module(input)
            ^^^^^^^^^^^^^
  File "/mnt/research/j.farias/mkang2/miniconda3/envs/mingi/lib/python3.11/site-packages/torch/nn/modules/module.py", line 1736, in _wrapped_call_impl
    return self._call_impl(*args, **kwargs)
           ^^^^^^^^^^^^^^^^^^^^^^^^^^^^^^^^
  File "/mnt/research/j.farias/mkang2/miniconda3/envs/mingi/lib/python3.11/site-packages/torch/nn/modules/module.py", line 1747, in _call_impl
    return forward_call(*args, **kwargs)
           ^^^^^^^^^^^^^^^^^^^^^^^^^^^^^
  File "/mnt/research/j.farias/mkang2/Convolutional-Nearest-Neighbor-Denoising/models/layers2d.py", line 304, in forward
    matrix_magnitude = self._calculate_distance_matrix(x, sqrt=True) if self.magnitude_type == 'distance' else self._calculate_similarity_matrix(x)
                                                                                                               ^^^^^^^^^^^^^^^^^^^^^^^^^^^^^^^^^^^^
  File "/mnt/research/j.farias/mkang2/Convolutional-Nearest-Neighbor-Denoising/models/layers2d.py", line 371, in _calculate_similarity_matrix
    similarity_matrix = torch.clamp(similarity_matrix, min=-1.0, max=1.0) 
                        ^^^^^^^^^^^^^^^^^^^^^^^^^^^^^^^^^^^^^^^^^^^^^^^^^
torch.OutOfMemoryError: CUDA out of memory. Tried to allocate 64.00 GiB. GPU 0 has a total capacity of 79.25 GiB of which 14.68 GiB is free. Including non-PyTorch memory, this process has 64.56 GiB memory in use. Of the allocated memory 64.05 GiB is allocated by PyTorch, and 21.75 MiB is reserved by PyTorch but unallocated. If reserved but unallocated memory is large try setting PYTORCH_CUDA_ALLOC_CONF=expandable_segments:True to avoid fragmentation.  See documentation for Memory Management  (https://pytorch.org/docs/stable/notes/cuda.html#environment-variables)
/mnt/research/j.farias/mkang2/miniconda3/envs/mingi/lib/python3.11/site-packages/torch/utils/data/dataloader.py:617: UserWarning: This DataLoader will create 4 worker processes in total. Our suggested max number of worker in current system is 2, which is smaller than what this DataLoader is going to create. Please be aware that excessive worker creation might get DataLoader running slow or even freeze, lower the worker number to avoid potential slowness/freeze if necessary.
  warnings.warn(
/mnt/research/j.farias/mkang2/miniconda3/envs/mingi/lib/python3.11/site-packages/torch/nn/modules/instancenorm.py:115: UserWarning: input's size at dim=1 does not match num_features. You can silence this warning by not passing in num_features, which is not used because affine=False
  warnings.warn(
/mnt/research/j.farias/mkang2/miniconda3/envs/mingi/lib/python3.11/site-packages/torch/utils/data/dataloader.py:617: UserWarning: This DataLoader will create 4 worker processes in total. Our suggested max number of worker in current system is 2, which is smaller than what this DataLoader is going to create. Please be aware that excessive worker creation might get DataLoader running slow or even freeze, lower the worker number to avoid potential slowness/freeze if necessary.
  warnings.warn(
/mnt/research/j.farias/mkang2/miniconda3/envs/mingi/lib/python3.11/site-packages/torch/nn/modules/instancenorm.py:115: UserWarning: input's size at dim=1 does not match num_features. You can silence this warning by not passing in num_features, which is not used because affine=False
  warnings.warn(
/mnt/research/j.farias/mkang2/miniconda3/envs/mingi/lib/python3.11/site-packages/torch/utils/data/dataloader.py:617: UserWarning: This DataLoader will create 4 worker processes in total. Our suggested max number of worker in current system is 2, which is smaller than what this DataLoader is going to create. Please be aware that excessive worker creation might get DataLoader running slow or even freeze, lower the worker number to avoid potential slowness/freeze if necessary.
  warnings.warn(
/mnt/research/j.farias/mkang2/miniconda3/envs/mingi/lib/python3.11/site-packages/torch/utils/data/dataloader.py:617: UserWarning: This DataLoader will create 4 worker processes in total. Our suggested max number of worker in current system is 2, which is smaller than what this DataLoader is going to create. Please be aware that excessive worker creation might get DataLoader running slow or even freeze, lower the worker number to avoid potential slowness/freeze if necessary.
  warnings.warn(
Traceback (most recent call last):
  File "/mnt/research/j.farias/mkang2/Convolutional-Nearest-Neighbor-Denoising/unet_main.py", line 128, in <module>
    main(args)
  File "/mnt/research/j.farias/mkang2/Convolutional-Nearest-Neighbor-Denoising/unet_main.py", line 114, in main
    train_eval_results = Train_Eval(args, 
                         ^^^^^^^^^^^^^^^^
  File "/mnt/research/j.farias/mkang2/Convolutional-Nearest-Neighbor-Denoising/train_eval.py", line 84, in Train_Eval
    output_img = model(noisy_img)
                 ^^^^^^^^^^^^^^^^
  File "/mnt/research/j.farias/mkang2/miniconda3/envs/mingi/lib/python3.11/site-packages/torch/nn/modules/module.py", line 1736, in _wrapped_call_impl
    return self._call_impl(*args, **kwargs)
           ^^^^^^^^^^^^^^^^^^^^^^^^^^^^^^^^
  File "/mnt/research/j.farias/mkang2/miniconda3/envs/mingi/lib/python3.11/site-packages/torch/nn/modules/module.py", line 1747, in _call_impl
    return forward_call(*args, **kwargs)
           ^^^^^^^^^^^^^^^^^^^^^^^^^^^^^
  File "/mnt/research/j.farias/mkang2/Convolutional-Nearest-Neighbor-Denoising/models/unet.py", line 64, in forward
    output = layer(output)
             ^^^^^^^^^^^^^
  File "/mnt/research/j.farias/mkang2/miniconda3/envs/mingi/lib/python3.11/site-packages/torch/nn/modules/module.py", line 1736, in _wrapped_call_impl
    return self._call_impl(*args, **kwargs)
           ^^^^^^^^^^^^^^^^^^^^^^^^^^^^^^^^
  File "/mnt/research/j.farias/mkang2/miniconda3/envs/mingi/lib/python3.11/site-packages/torch/nn/modules/module.py", line 1747, in _call_impl
    return forward_call(*args, **kwargs)
           ^^^^^^^^^^^^^^^^^^^^^^^^^^^^^
  File "/mnt/research/j.farias/mkang2/Convolutional-Nearest-Neighbor-Denoising/models/unet.py", line 163, in forward
    return self.layers(image)
           ^^^^^^^^^^^^^^^^^^
  File "/mnt/research/j.farias/mkang2/miniconda3/envs/mingi/lib/python3.11/site-packages/torch/nn/modules/module.py", line 1736, in _wrapped_call_impl
    return self._call_impl(*args, **kwargs)
           ^^^^^^^^^^^^^^^^^^^^^^^^^^^^^^^^
  File "/mnt/research/j.farias/mkang2/miniconda3/envs/mingi/lib/python3.11/site-packages/torch/nn/modules/module.py", line 1747, in _call_impl
    return forward_call(*args, **kwargs)
           ^^^^^^^^^^^^^^^^^^^^^^^^^^^^^
  File "/mnt/research/j.farias/mkang2/miniconda3/envs/mingi/lib/python3.11/site-packages/torch/nn/modules/container.py", line 250, in forward
    input = module(input)
            ^^^^^^^^^^^^^
  File "/mnt/research/j.farias/mkang2/miniconda3/envs/mingi/lib/python3.11/site-packages/torch/nn/modules/module.py", line 1736, in _wrapped_call_impl
    return self._call_impl(*args, **kwargs)
           ^^^^^^^^^^^^^^^^^^^^^^^^^^^^^^^^
  File "/mnt/research/j.farias/mkang2/miniconda3/envs/mingi/lib/python3.11/site-packages/torch/nn/modules/module.py", line 1747, in _call_impl
    return forward_call(*args, **kwargs)
           ^^^^^^^^^^^^^^^^^^^^^^^^^^^^^
  File "/mnt/research/j.farias/mkang2/Convolutional-Nearest-Neighbor-Denoising/models/layers2d.py", line 304, in forward
    matrix_magnitude = self._calculate_distance_matrix(x, sqrt=True) if self.magnitude_type == 'distance' else self._calculate_similarity_matrix(x)
                                                                                                               ^^^^^^^^^^^^^^^^^^^^^^^^^^^^^^^^^^^^
  File "/mnt/research/j.farias/mkang2/Convolutional-Nearest-Neighbor-Denoising/models/layers2d.py", line 371, in _calculate_similarity_matrix
    similarity_matrix = torch.clamp(similarity_matrix, min=-1.0, max=1.0) 
                        ^^^^^^^^^^^^^^^^^^^^^^^^^^^^^^^^^^^^^^^^^^^^^^^^^
torch.OutOfMemoryError: CUDA out of memory. Tried to allocate 64.00 GiB. GPU 0 has a total capacity of 79.25 GiB of which 14.69 GiB is free. Including non-PyTorch memory, this process has 64.55 GiB memory in use. Of the allocated memory 64.05 GiB is allocated by PyTorch, and 13.70 MiB is reserved by PyTorch but unallocated. If reserved but unallocated memory is large try setting PYTORCH_CUDA_ALLOC_CONF=expandable_segments:True to avoid fragmentation.  See documentation for Memory Management  (https://pytorch.org/docs/stable/notes/cuda.html#environment-variables)
/mnt/research/j.farias/mkang2/miniconda3/envs/mingi/lib/python3.11/site-packages/torch/utils/data/dataloader.py:617: UserWarning: This DataLoader will create 4 worker processes in total. Our suggested max number of worker in current system is 2, which is smaller than what this DataLoader is going to create. Please be aware that excessive worker creation might get DataLoader running slow or even freeze, lower the worker number to avoid potential slowness/freeze if necessary.
  warnings.warn(
/mnt/research/j.farias/mkang2/miniconda3/envs/mingi/lib/python3.11/site-packages/torch/utils/data/dataloader.py:617: UserWarning: This DataLoader will create 4 worker processes in total. Our suggested max number of worker in current system is 2, which is smaller than what this DataLoader is going to create. Please be aware that excessive worker creation might get DataLoader running slow or even freeze, lower the worker number to avoid potential slowness/freeze if necessary.
  warnings.warn(
/mnt/research/j.farias/mkang2/miniconda3/envs/mingi/lib/python3.11/site-packages/torch/utils/data/dataloader.py:617: UserWarning: This DataLoader will create 4 worker processes in total. Our suggested max number of worker in current system is 2, which is smaller than what this DataLoader is going to create. Please be aware that excessive worker creation might get DataLoader running slow or even freeze, lower the worker number to avoid potential slowness/freeze if necessary.
  warnings.warn(
/mnt/research/j.farias/mkang2/miniconda3/envs/mingi/lib/python3.11/site-packages/torch/utils/data/dataloader.py:617: UserWarning: This DataLoader will create 4 worker processes in total. Our suggested max number of worker in current system is 2, which is smaller than what this DataLoader is going to create. Please be aware that excessive worker creation might get DataLoader running slow or even freeze, lower the worker number to avoid potential slowness/freeze if necessary.
  warnings.warn(
Traceback (most recent call last):
  File "/mnt/research/j.farias/mkang2/Convolutional-Nearest-Neighbor-Denoising/unet_main.py", line 128, in <module>
    main(args)
  File "/mnt/research/j.farias/mkang2/Convolutional-Nearest-Neighbor-Denoising/unet_main.py", line 114, in main
    train_eval_results = Train_Eval(args, 
                         ^^^^^^^^^^^^^^^^
  File "/mnt/research/j.farias/mkang2/Convolutional-Nearest-Neighbor-Denoising/train_eval.py", line 84, in Train_Eval
    output_img = model(noisy_img)
                 ^^^^^^^^^^^^^^^^
  File "/mnt/research/j.farias/mkang2/miniconda3/envs/mingi/lib/python3.11/site-packages/torch/nn/modules/module.py", line 1736, in _wrapped_call_impl
    return self._call_impl(*args, **kwargs)
           ^^^^^^^^^^^^^^^^^^^^^^^^^^^^^^^^
  File "/mnt/research/j.farias/mkang2/miniconda3/envs/mingi/lib/python3.11/site-packages/torch/nn/modules/module.py", line 1747, in _call_impl
    return forward_call(*args, **kwargs)
           ^^^^^^^^^^^^^^^^^^^^^^^^^^^^^
  File "/mnt/research/j.farias/mkang2/Convolutional-Nearest-Neighbor-Denoising/models/unet.py", line 64, in forward
    output = layer(output)
             ^^^^^^^^^^^^^
  File "/mnt/research/j.farias/mkang2/miniconda3/envs/mingi/lib/python3.11/site-packages/torch/nn/modules/module.py", line 1736, in _wrapped_call_impl
    return self._call_impl(*args, **kwargs)
           ^^^^^^^^^^^^^^^^^^^^^^^^^^^^^^^^
  File "/mnt/research/j.farias/mkang2/miniconda3/envs/mingi/lib/python3.11/site-packages/torch/nn/modules/module.py", line 1747, in _call_impl
    return forward_call(*args, **kwargs)
           ^^^^^^^^^^^^^^^^^^^^^^^^^^^^^
  File "/mnt/research/j.farias/mkang2/Convolutional-Nearest-Neighbor-Denoising/models/unet.py", line 163, in forward
    return self.layers(image)
           ^^^^^^^^^^^^^^^^^^
  File "/mnt/research/j.farias/mkang2/miniconda3/envs/mingi/lib/python3.11/site-packages/torch/nn/modules/module.py", line 1736, in _wrapped_call_impl
    return self._call_impl(*args, **kwargs)
           ^^^^^^^^^^^^^^^^^^^^^^^^^^^^^^^^
  File "/mnt/research/j.farias/mkang2/miniconda3/envs/mingi/lib/python3.11/site-packages/torch/nn/modules/module.py", line 1747, in _call_impl
    return forward_call(*args, **kwargs)
           ^^^^^^^^^^^^^^^^^^^^^^^^^^^^^
  File "/mnt/research/j.farias/mkang2/miniconda3/envs/mingi/lib/python3.11/site-packages/torch/nn/modules/container.py", line 250, in forward
    input = module(input)
            ^^^^^^^^^^^^^
  File "/mnt/research/j.farias/mkang2/miniconda3/envs/mingi/lib/python3.11/site-packages/torch/nn/modules/module.py", line 1736, in _wrapped_call_impl
    return self._call_impl(*args, **kwargs)
           ^^^^^^^^^^^^^^^^^^^^^^^^^^^^^^^^
  File "/mnt/research/j.farias/mkang2/miniconda3/envs/mingi/lib/python3.11/site-packages/torch/nn/modules/module.py", line 1747, in _call_impl
    return forward_call(*args, **kwargs)
           ^^^^^^^^^^^^^^^^^^^^^^^^^^^^^
  File "/mnt/research/j.farias/mkang2/Convolutional-Nearest-Neighbor-Denoising/models/layers2d.py", line 304, in forward
    matrix_magnitude = self._calculate_distance_matrix(x, sqrt=True) if self.magnitude_type == 'distance' else self._calculate_similarity_matrix(x)
                                                                                                               ^^^^^^^^^^^^^^^^^^^^^^^^^^^^^^^^^^^^
  File "/mnt/research/j.farias/mkang2/Convolutional-Nearest-Neighbor-Denoising/models/layers2d.py", line 371, in _calculate_similarity_matrix
    similarity_matrix = torch.clamp(similarity_matrix, min=-1.0, max=1.0) 
                        ^^^^^^^^^^^^^^^^^^^^^^^^^^^^^^^^^^^^^^^^^^^^^^^^^
torch.OutOfMemoryError: CUDA out of memory. Tried to allocate 64.00 GiB. GPU 0 has a total capacity of 79.25 GiB of which 14.66 GiB is free. Including non-PyTorch memory, this process has 64.59 GiB memory in use. Of the allocated memory 64.08 GiB is allocated by PyTorch, and 21.70 MiB is reserved by PyTorch but unallocated. If reserved but unallocated memory is large try setting PYTORCH_CUDA_ALLOC_CONF=expandable_segments:True to avoid fragmentation.  See documentation for Memory Management  (https://pytorch.org/docs/stable/notes/cuda.html#environment-variables)
/mnt/research/j.farias/mkang2/miniconda3/envs/mingi/lib/python3.11/site-packages/torch/utils/data/dataloader.py:617: UserWarning: This DataLoader will create 4 worker processes in total. Our suggested max number of worker in current system is 2, which is smaller than what this DataLoader is going to create. Please be aware that excessive worker creation might get DataLoader running slow or even freeze, lower the worker number to avoid potential slowness/freeze if necessary.
  warnings.warn(
/mnt/research/j.farias/mkang2/miniconda3/envs/mingi/lib/python3.11/site-packages/torch/utils/data/dataloader.py:617: UserWarning: This DataLoader will create 4 worker processes in total. Our suggested max number of worker in current system is 2, which is smaller than what this DataLoader is going to create. Please be aware that excessive worker creation might get DataLoader running slow or even freeze, lower the worker number to avoid potential slowness/freeze if necessary.
  warnings.warn(
