Model: UNet Conv2d
Total Parameters: 7756097
Trainable Parameters: 7756097
   - Trainable Parameters: 7.75609700 M
Model Complexity (Profiler):
   - GFLOPs: 1.43807283
   - Trainable Parameters: 7.75609700 M
[Epoch 001] Time: 1.7308s | [Train] Loss: 0.31037989 PSNR: 5.3768dB | [Test] Loss: 0.11813577 PSNR: 9.3211dB
[Epoch 002] Time: 1.5162s | [Train] Loss: 0.10893308 PSNR: 9.7344dB | [Test] Loss: 0.05930740 PSNR: 12.3222dB
[Epoch 003] Time: 1.5327s | [Train] Loss: 0.07107779 PSNR: 11.5251dB | [Test] Loss: 0.04163268 PSNR: 13.8810dB
[Epoch 004] Time: 1.4974s | [Train] Loss: 0.06015083 PSNR: 12.2473dB | [Test] Loss: 0.03948727 PSNR: 14.0766dB
[Epoch 005] Time: 1.5155s | [Train] Loss: 0.05403568 PSNR: 12.7213dB | [Test] Loss: 0.03379384 PSNR: 14.8288dB
[Epoch 006] Time: 1.4982s | [Train] Loss: 0.04999324 PSNR: 13.0555dB | [Test] Loss: 0.02791229 PSNR: 15.6146dB
[Epoch 007] Time: 1.5235s | [Train] Loss: 0.04511463 PSNR: 13.5024dB | [Test] Loss: 0.02740585 PSNR: 15.6672dB
[Epoch 008] Time: 1.4900s | [Train] Loss: 0.04223192 PSNR: 13.7908dB | [Test] Loss: 0.02711618 PSNR: 15.6939dB
[Epoch 009] Time: 1.5341s | [Train] Loss: 0.04035967 PSNR: 13.9774dB | [Test] Loss: 0.02548429 PSNR: 15.9846dB
[Epoch 010] Time: 1.5011s | [Train] Loss: 0.03890529 PSNR: 14.1476dB | [Test] Loss: 0.02239429 PSNR: 16.5475dB
[Epoch 011] Time: 1.4971s | [Train] Loss: 0.03796622 PSNR: 14.2660dB | [Test] Loss: 0.02178646 PSNR: 16.6782dB
[Epoch 012] Time: 1.4981s | [Train] Loss: 0.03638426 PSNR: 14.4418dB | [Test] Loss: 0.01997547 PSNR: 17.1077dB
[Epoch 013] Time: 1.4906s | [Train] Loss: 0.03638943 PSNR: 14.4698dB | [Test] Loss: 0.02045667 PSNR: 16.9710dB
[Epoch 014] Time: 1.5034s | [Train] Loss: 0.03329101 PSNR: 14.8281dB | [Test] Loss: 0.01720948 PSNR: 17.6998dB
[Epoch 015] Time: 1.5114s | [Train] Loss: 0.03251047 PSNR: 14.9285dB | [Test] Loss: 0.01653440 PSNR: 17.8824dB
[Epoch 016] Time: 1.5172s | [Train] Loss: 0.03139144 PSNR: 15.0701dB | [Test] Loss: 0.01751849 PSNR: 17.6281dB
[Epoch 017] Time: 1.4995s | [Train] Loss: 0.02972694 PSNR: 15.3092dB | [Test] Loss: 0.01450909 PSNR: 18.5060dB
[Epoch 018] Time: 1.5257s | [Train] Loss: 0.02873652 PSNR: 15.4714dB | [Test] Loss: 0.01548266 PSNR: 18.2629dB
[Epoch 019] Time: 1.5146s | [Train] Loss: 0.02947708 PSNR: 15.3522dB | [Test] Loss: 0.01434880 PSNR: 18.5090dB
[Epoch 020] Time: 1.5222s | [Train] Loss: 0.02664230 PSNR: 15.7913dB | [Test] Loss: 0.01304665 PSNR: 18.9636dB
[Epoch 021] Time: 1.5186s | [Train] Loss: 0.02770323 PSNR: 15.6308dB | [Test] Loss: 0.01254025 PSNR: 19.0841dB
[Epoch 022] Time: 1.5065s | [Train] Loss: 0.02585280 PSNR: 15.9107dB | [Test] Loss: 0.01238232 PSNR: 19.1961dB
[Epoch 023] Time: 1.5047s | [Train] Loss: 0.02419160 PSNR: 16.2255dB | [Test] Loss: 0.01228377 PSNR: 19.1452dB
[Epoch 024] Time: 1.5470s | [Train] Loss: 0.02439203 PSNR: 16.1881dB | [Test] Loss: 0.01148841 PSNR: 19.4387dB
[Epoch 025] Time: 1.5042s | [Train] Loss: 0.02374292 PSNR: 16.2950dB | [Test] Loss: 0.01065739 PSNR: 19.8033dB
[Epoch 026] Time: 1.5139s | [Train] Loss: 0.02333192 PSNR: 16.3856dB | [Test] Loss: 0.01030514 PSNR: 19.9653dB
[Epoch 027] Time: 1.5034s | [Train] Loss: 0.02202249 PSNR: 16.6203dB | [Test] Loss: 0.00967054 PSNR: 20.1899dB
[Epoch 028] Time: 1.5154s | [Train] Loss: 0.02139815 PSNR: 16.7407dB | [Test] Loss: 0.00964075 PSNR: 20.3100dB
[Epoch 029] Time: 1.5439s | [Train] Loss: 0.02103213 PSNR: 16.8137dB | [Test] Loss: 0.00855395 PSNR: 20.7376dB
[Epoch 030] Time: 1.5378s | [Train] Loss: 0.01998541 PSNR: 17.0360dB | [Test] Loss: 0.00843364 PSNR: 20.9054dB
[Epoch 031] Time: 1.4972s | [Train] Loss: 0.02018386 PSNR: 16.9960dB | [Test] Loss: 0.00896281 PSNR: 20.5456dB
[Epoch 032] Time: 1.5114s | [Train] Loss: 0.01968004 PSNR: 17.1054dB | [Test] Loss: 0.00821861 PSNR: 20.9377dB
[Epoch 033] Time: 1.5122s | [Train] Loss: 0.01980630 PSNR: 17.0841dB | [Test] Loss: 0.00776586 PSNR: 21.2076dB
[Epoch 034] Time: 1.5298s | [Train] Loss: 0.01953592 PSNR: 17.1380dB | [Test] Loss: 0.00848801 PSNR: 20.8136dB
[Epoch 035] Time: 1.5050s | [Train] Loss: 0.01922012 PSNR: 17.2088dB | [Test] Loss: 0.00732011 PSNR: 21.5010dB
[Epoch 036] Time: 1.4997s | [Train] Loss: 0.01893622 PSNR: 17.2846dB | [Test] Loss: 0.00795026 PSNR: 21.0313dB
[Epoch 037] Time: 1.5113s | [Train] Loss: 0.01822114 PSNR: 17.4328dB | [Test] Loss: 0.00794837 PSNR: 21.1513dB
[Epoch 038] Time: 1.5223s | [Train] Loss: 0.01779502 PSNR: 17.5438dB | [Test] Loss: 0.00742934 PSNR: 21.3593dB
[Epoch 039] Time: 1.5179s | [Train] Loss: 0.01748290 PSNR: 17.6204dB | [Test] Loss: 0.00632346 PSNR: 22.0573dB
[Epoch 040] Time: 1.5318s | [Train] Loss: 0.01735670 PSNR: 17.6489dB | [Test] Loss: 0.00643899 PSNR: 22.0156dB
[Epoch 041] Time: 1.5007s | [Train] Loss: 0.01628541 PSNR: 17.9269dB | [Test] Loss: 0.00610242 PSNR: 22.2859dB
[Epoch 042] Time: 1.5051s | [Train] Loss: 0.01672919 PSNR: 17.8121dB | [Test] Loss: 0.00717746 PSNR: 21.6482dB
[Epoch 043] Time: 1.4938s | [Train] Loss: 0.01649808 PSNR: 17.8682dB | [Test] Loss: 0.00614742 PSNR: 22.2250dB
[Epoch 044] Time: 1.4884s | [Train] Loss: 0.01647255 PSNR: 17.8763dB | [Test] Loss: 0.00624650 PSNR: 22.1024dB
[Epoch 045] Time: 1.5051s | [Train] Loss: 0.01576974 PSNR: 18.0533dB | [Test] Loss: 0.00633735 PSNR: 22.0768dB
[Epoch 046] Time: 1.4861s | [Train] Loss: 0.01599468 PSNR: 18.0042dB | [Test] Loss: 0.00571634 PSNR: 22.5498dB
[Epoch 047] Time: 1.4985s | [Train] Loss: 0.01556178 PSNR: 18.1275dB | [Test] Loss: 0.00657526 PSNR: 21.8580dB
[Epoch 048] Time: 1.5021s | [Train] Loss: 0.01621962 PSNR: 17.9477dB | [Test] Loss: 0.00550920 PSNR: 22.6414dB
[Epoch 049] Time: 1.5173s | [Train] Loss: 0.01542324 PSNR: 18.1642dB | [Test] Loss: 0.00606491 PSNR: 22.2315dB
[Epoch 050] Time: 1.5230s | [Train] Loss: 0.01519829 PSNR: 18.2380dB | [Test] Loss: 0.00580524 PSNR: 22.4247dB
Model: UNet ConvNN
Total Parameters: 7756097
Trainable Parameters: 7756097
   - Trainable Parameters: 7.75609700 M
Model Complexity (Profiler):
   - GFLOPs: 5.81243600
   - Trainable Parameters: 7.75609700 M
[Epoch 001] Time: 18.9313s | [Train] Loss: 0.23121107 PSNR: 6.9395dB | [Test] Loss: 0.06417825 PSNR: 12.0008dB
[Epoch 002] Time: 18.9132s | [Train] Loss: 0.07220487 PSNR: 11.4781dB | [Test] Loss: 0.04668614 PSNR: 13.3829dB
[Epoch 003] Time: 18.8850s | [Train] Loss: 0.05655217 PSNR: 12.5287dB | [Test] Loss: 0.03631240 PSNR: 14.4909dB
[Epoch 004] Time: 18.8786s | [Train] Loss: 0.05321731 PSNR: 12.7847dB | [Test] Loss: 0.03814519 PSNR: 14.2467dB
[Epoch 005] Time: 18.9143s | [Train] Loss: 0.05205941 PSNR: 12.8909dB | [Test] Loss: 0.03474275 PSNR: 14.7556dB
[Epoch 006] Time: 18.9120s | [Train] Loss: 0.05026077 PSNR: 13.0412dB | [Test] Loss: 0.02966626 PSNR: 15.3665dB
[Epoch 007] Time: 18.8783s | [Train] Loss: 0.04611984 PSNR: 13.4083dB | [Test] Loss: 0.03203921 PSNR: 14.9963dB
[Epoch 008] Time: 18.8779s | [Train] Loss: 0.04556013 PSNR: 13.4546dB | [Test] Loss: 0.03202736 PSNR: 14.9846dB
[Epoch 009] Time: 18.8833s | [Train] Loss: 0.04418301 PSNR: 13.5891dB | [Test] Loss: 0.02931763 PSNR: 15.3837dB
[Epoch 010] Time: 18.9006s | [Train] Loss: 0.04339732 PSNR: 13.6819dB | [Test] Loss: 0.02801601 PSNR: 15.5727dB
[Epoch 011] Time: 18.8558s | [Train] Loss: 0.04295500 PSNR: 13.7308dB | [Test] Loss: 0.02727812 PSNR: 15.6956dB
[Epoch 012] Time: 18.8882s | [Train] Loss: 0.04211323 PSNR: 13.8139dB | [Test] Loss: 0.02916650 PSNR: 15.4418dB
[Epoch 013] Time: 18.9029s | [Train] Loss: 0.04151429 PSNR: 13.9028dB | [Test] Loss: 0.02644759 PSNR: 15.8802dB
[Epoch 014] Time: 18.8776s | [Train] Loss: 0.04010935 PSNR: 14.0436dB | [Test] Loss: 0.02198532 PSNR: 16.6336dB
[Epoch 015] Time: 18.9030s | [Train] Loss: 0.03778480 PSNR: 14.2814dB | [Test] Loss: 0.02321182 PSNR: 16.4096dB
[Epoch 016] Time: 18.8867s | [Train] Loss: 0.03789670 PSNR: 14.2688dB | [Test] Loss: 0.02318570 PSNR: 16.4263dB
[Epoch 017] Time: 18.9105s | [Train] Loss: 0.03721054 PSNR: 14.3425dB | [Test] Loss: 0.02012300 PSNR: 17.0693dB
